<?xml version="1.0" encoding="UTF-8"?>
<testng-results skipped="0" failed="0" total="1" passed="1">
  <reporter-output>
  </reporter-output>
  <suite name="Suite" duration-ms="57" started-at="2017-04-23T19:31:27Z" finished-at="2017-04-23T19:31:27Z">
    <groups>
    </groups>
    <test name="Test" duration-ms="57" started-at="2017-04-23T19:31:27Z" finished-at="2017-04-23T19:31:27Z">
      <class name="MavenGitJenkins.MavGitJenkins.TestRun">
        <test-method status="PASS" signature="display()[pri:0, instance:MavenGitJenkins.MavGitJenkins.TestRun@9f70c54]" name="display" duration-ms="25" started-at="2017-04-24T01:01:27Z" finished-at="2017-04-24T01:01:27Z">
          <reporter-output>
          </reporter-output>
        </test-method> <!-- display -->
      </class> <!-- MavenGitJenkins.MavGitJenkins.TestRun -->
    </test> <!-- Test -->
  </suite> <!-- Suite -->
</testng-results>
